# JRE version: OpenJDK Runtime Environment (8.0_152-b02) (build 1.8.0_152-release-1024-b02)
# Java VM: OpenJDK 64-Bit Server VM (25.152-b02 mixed mode windows-amd64 compressed oops)
Heap:
 PSYoungGen      total 267264K, used 203404K [0x00000000e0000000, 0x00000000f6100000, 0x0000000100000000)
  eden space 214528K, 94% used [0x00000000e0000000,0x00000000ec5db080,0x00000000ed180000)
  from space 52736K, 1% used [0x00000000ed180000,0x00000000ed248000,0x00000000f0500000)
  to   space 52224K, 0% used [0x00000000f2e00000,0x00000000f2e00000,0x00000000f6100000)
 ParOldGen       total 256000K, used 147007K [0x00000000a0000000, 0x00000000afa00000, 0x00000000e0000000)
  object space 256000K, 57% used [0x00000000a0000000,0x00000000a8f8fee8,0x00000000afa00000)
 Metaspace       used 92637K, capacity 95620K, committed 95832K, reserved 1132544K
  class space    used 11521K, capacity 12153K, committed 12160K, reserved 1048576K
GC Heap History (10 events):
Event: 182.527 GC heap before
{Heap before GC invocations=25 (full 3):
 PSYoungGen      total 221184K, used 221168K [0x00000000e0000000, 0x00000000f2300000, 0x0000000100000000)
  eden space 200704K, 100% used [0x00000000e0000000,0x00000000ec400000,0x00000000ec400000)
  from space 20480K, 99% used [0x00000000ec400000,0x00000000ed7fc088,0x00000000ed800000)
  to   space 30720K, 0% used [0x00000000f0500000,0x00000000f0500000,0x00000000f2300000)
 ParOldGen       total 134144K, used 74303K [0x00000000a0000000, 0x00000000a8300000, 0x00000000e0000000)
  object space 134144K, 55% used [0x00000000a0000000,0x00000000a488fe70,0x00000000a8300000)
 Metaspace       used 90731K, capacity 93732K, committed 93912K, reserved 1130496K
  class space    used 11296K, capacity 11929K, committed 12032K, reserved 1048576K
Event: 182.626 GC heap after
Heap after GC invocations=25 (full 3):
 PSYoungGen      total 246272K, used 30693K [0x00000000e0000000, 0x00000000f5a80000, 0x0000000100000000)
  eden space 215552K, 0% used [0x00000000e0000000,0x00000000e0000000,0x00000000ed280000)
  from space 30720K, 99% used [0x00000000f0500000,0x00000000f22f94c0,0x00000000f2300000)
  to   space 51712K, 0% used [0x00000000ed280000,0x00000000ed280000,0x00000000f0500000)
 ParOldGen       total 134144K, used 118810K [0x00000000a0000000, 0x00000000a8300000, 0x00000000e0000000)
  object space 134144K, 88% used [0x00000000a0000000,0x00000000a7406bd0,0x00000000a8300000)
 Metaspace       used 90731K, capacity 93732K, committed 93912K, reserved 1130496K
  class space    used 11296K, capacity 11929K, committed 12032K, reserved 1048576K
}
Event: 182.626 GC heap before
{Heap before GC invocations=26 (full 4):
 PSYoungGen      total 246272K, used 30693K [0x00000000e0000000, 0x00000000f5a80000, 0x0000000100000000)
  eden space 215552K, 0% used [0x00000000e0000000,0x00000000e0000000,0x00000000ed280000)
  from space 30720K, 99% used [0x00000000f0500000,0x00000000f22f94c0,0x00000000f2300000)
  to   space 51712K, 0% used [0x00000000ed280000,0x00000000ed280000,0x00000000f0500000)
 ParOldGen       total 134144K, used 118810K [0x00000000a0000000, 0x00000000a8300000, 0x00000000e0000000)
  object space 134144K, 88% used [0x00000000a0000000,0x00000000a7406bd0,0x00000000a8300000)
 Metaspace       used 90731K, capacity 93732K, committed 93912K, reserved 1130496K
  class space    used 11296K, capacity 11929K, committed 12032K, reserved 1048576K
Event: 183.320 GC heap after
Heap after GC invocations=26 (full 4):
 PSYoungGen      total 246272K, used 0K [0x00000000e0000000, 0x00000000f5a80000, 0x0000000100000000)
  eden space 215552K, 0% used [0x00000000e0000000,0x00000000e0000000,0x00000000ed280000)
  from space 30720K, 0% used [0x00000000f0500000,0x00000000f0500000,0x00000000f2300000)
  to   space 51712K, 0% used [0x00000000ed280000,0x00000000ed280000,0x00000000f0500000)
 ParOldGen       total 256000K, used 126808K [0x00000000a0000000, 0x00000000afa00000, 0x00000000e0000000)
  object space 256000K, 49% used [0x00000000a0000000,0x00000000a7bd62e8,0x00000000afa00000)
 Metaspace       used 90731K, capacity 93732K, committed 93912K, reserved 1130496K
  class space    used 11296K, capacity 11929K, committed 12032K, reserved 1048576K
}
Event: 185.377 GC heap before
{Heap before GC invocations=27 (full 4):
 PSYoungGen      total 246272K, used 215552K [0x00000000e0000000, 0x00000000f5a80000, 0x0000000100000000)
  eden space 215552K, 100% used [0x00000000e0000000,0x00000000ed280000,0x00000000ed280000)
  from space 30720K, 0% used [0x00000000f0500000,0x00000000f0500000,0x00000000f2300000)
  to   space 51712K, 0% used [0x00000000ed280000,0x00000000ed280000,0x00000000f0500000)
 ParOldGen       total 256000K, used 126808K [0x00000000a0000000, 0x00000000afa00000, 0x00000000e0000000)
  object space 256000K, 49% used [0x00000000a0000000,0x00000000a7bd62e8,0x00000000afa00000)
 Metaspace       used 91094K, capacity 94084K, committed 94168K, reserved 1132544K
  class space    used 11333K, capacity 11961K, committed 12032K, reserved 1048576K
Event: 185.422 GC heap after
Heap after GC invocations=27 (full 4):
 PSYoungGen      total 267264K, used 30848K [0x00000000e0000000, 0x00000000f5a80000, 0x0000000100000000)
  eden space 215552K, 0% used [0x00000000e0000000,0x00000000e0000000,0x00000000ed280000)
  from space 51712K, 59% used [0x00000000ed280000,0x00000000ef0a0320,0x00000000f0500000)
  to   space 30720K, 0% used [0x00000000f0500000,0x00000000f0500000,0x00000000f2300000)
 ParOldGen       total 256000K, used 126816K [0x00000000a0000000, 0x00000000afa00000, 0x00000000e0000000)
  object space 256000K, 49% used [0x00000000a0000000,0x00000000a7bd82e8,0x00000000afa00000)
 Metaspace       used 91094K, capacity 94084K, committed 94168K, reserved 1132544K
  class space    used 11333K, capacity 11961K, committed 12032K, reserved 1048576K
}
Event: 187.201 GC heap before
{Heap before GC invocations=28 (full 4):
 PSYoungGen      total 267264K, used 246400K [0x00000000e0000000, 0x00000000f5a80000, 0x0000000100000000)
  eden space 215552K, 100% used [0x00000000e0000000,0x00000000ed280000,0x00000000ed280000)
  from space 51712K, 59% used [0x00000000ed280000,0x00000000ef0a0320,0x00000000f0500000)
  to   space 30720K, 0% used [0x00000000f0500000,0x00000000f0500000,0x00000000f2300000)
 ParOldGen       total 256000K, used 126816K [0x00000000a0000000, 0x00000000afa00000, 0x00000000e0000000)
  object space 256000K, 49% used [0x00000000a0000000,0x00000000a7bd82e8,0x00000000afa00000)
 Metaspace       used 91718K, capacity 94692K, committed 94808K, reserved 1132544K
  class space    used 11428K, capacity 12057K, committed 12160K, reserved 1048576K
Event: 187.241 GC heap after
Heap after GC invocations=28 (full 4):
 PSYoungGen      total 245248K, used 2803K [0x00000000e0000000, 0x00000000f7180000, 0x0000000100000000)
  eden space 214528K, 0% used [0x00000000e0000000,0x00000000e0000000,0x00000000ed180000)
  from space 30720K, 9% used [0x00000000f0500000,0x00000000f07bcfe0,0x00000000f2300000)
  to   space 52736K, 0% used [0x00000000ed180000,0x00000000ed180000,0x00000000f0500000)
 ParOldGen       total 256000K, used 145254K [0x00000000a0000000, 0x00000000afa00000, 0x00000000e0000000)
  object space 256000K, 56% used [0x00000000a0000000,0x00000000a8dd9838,0x00000000afa00000)
 Metaspace       used 91718K, capacity 94692K, committed 94808K, reserved 1132544K
  class space    used 11428K, capacity 12057K, committed 12160K, reserved 1048576K
}
Event: 188.541 GC heap before
{Heap before GC invocations=29 (full 4):
 PSYoungGen      total 245248K, used 217331K [0x00000000e0000000, 0x00000000f7180000, 0x0000000100000000)
  eden space 214528K, 100% used [0x00000000e0000000,0x00000000ed180000,0x00000000ed180000)
  from space 30720K, 9% used [0x00000000f0500000,0x00000000f07bcfe0,0x00000000f2300000)
  to   space 52736K, 0% used [0x00000000ed180000,0x00000000ed180000,0x00000000f0500000)
 ParOldGen       total 256000K, used 145254K [0x00000000a0000000, 0x00000000afa00000, 0x00000000e0000000)
  object space 256000K, 56% used [0x00000000a0000000,0x00000000a8dd9838,0x00000000afa00000)
 Metaspace       used 91923K, capacity 94916K, committed 95064K, reserved 1132544K
  class space    used 11457K, capacity 12089K, committed 12160K, reserved 1048576K
Event: 188.566 GC heap after
Heap after GC invocations=29 (full 4):
 PSYoungGen      total 267264K, used 800K [0x00000000e0000000, 0x00000000f6100000, 0x0000000100000000)
  eden space 214528K, 0% used [0x00000000e0000000,0x00000000e0000000,0x00000000ed180000)
  from space 52736K, 1% used [0x00000000ed180000,0x00000000ed248000,0x00000000f0500000)
  to   space 52224K, 0% used [0x00000000f2e00000,0x00000000f2e00000,0x00000000f6100000)
 ParOldGen       total 256000K, used 147007K [0x00000000a0000000, 0x00000000afa00000, 0x00000000e0000000)
  object space 256000K, 57% used [0x00000000a0000000,0x00000000a8f8fee8,0x00000000afa00000)
 Metaspace       used 91923K, capacity 94916K, committed 95064K, reserved 1132544K
  class space    used 11457K, capacity 12089K, committed 12160K, reserved 1048576K
}

