# JRE version: OpenJDK Runtime Environment (8.0_152-b02) (build 1.8.0_152-release-1024-b02)
# Java VM: OpenJDK 64-Bit Server VM (25.152-b02 mixed mode windows-amd64 compressed oops)
Heap:
 PSYoungGen      total 383488K, used 127530K [0x00000000e0000000, 0x00000000fcf00000, 0x0000000100000000)
  eden space 292864K, 41% used [0x00000000e0000000,0x00000000e77e3d50,0x00000000f1e00000)
  from space 90624K, 5% used [0x00000000f1e00000,0x00000000f22a6c88,0x00000000f7680000)
  to   space 90112K, 0% used [0x00000000f7700000,0x00000000f7700000,0x00000000fcf00000)
 ParOldGen       total 261120K, used 178985K [0x00000000a0000000, 0x00000000aff00000, 0x00000000e0000000)
  object space 261120K, 68% used [0x00000000a0000000,0x00000000aaeca420,0x00000000aff00000)
 Metaspace       used 150322K, capacity 158047K, committed 158668K, reserved 1187840K
  class space    used 18135K, capacity 19603K, committed 19712K, reserved 1048576K
GC Heap History (10 events):
Event: 15677.489 GC heap before
{Heap before GC invocations=122 (full 5):
 PSYoungGen      total 304640K, used 280376K [0x00000000e0000000, 0x00000000f9480000, 0x0000000100000000)
  eden space 220160K, 100% used [0x00000000e0000000,0x00000000ed700000,0x00000000ed700000)
  from space 84480K, 71% used [0x00000000f2f00000,0x00000000f69ce178,0x00000000f8180000)
  to   space 90112K, 0% used [0x00000000ed700000,0x00000000ed700000,0x00000000f2f00000)
 ParOldGen       total 261120K, used 112482K [0x00000000a0000000, 0x00000000aff00000, 0x00000000e0000000)
  object space 261120K, 43% used [0x00000000a0000000,0x00000000a6dd8950,0x00000000aff00000)
 Metaspace       used 133595K, capacity 141111K, committed 141516K, reserved 1173504K
  class space    used 16238K, capacity 17649K, committed 17664K, reserved 1048576K
Event: 15677.500 GC heap after
Heap after GC invocations=122 (full 5):
 PSYoungGen      total 310272K, used 6304K [0x00000000e0000000, 0x00000000fa500000, 0x0000000100000000)
  eden space 220160K, 0% used [0x00000000e0000000,0x00000000e0000000,0x00000000ed700000)
  from space 90112K, 6% used [0x00000000ed700000,0x00000000edd28020,0x00000000f2f00000)
  to   space 89088K, 0% used [0x00000000f4e00000,0x00000000f4e00000,0x00000000fa500000)
 ParOldGen       total 261120K, used 112634K [0x00000000a0000000, 0x00000000aff00000, 0x00000000e0000000)
  object space 261120K, 43% used [0x00000000a0000000,0x00000000a6dfe800,0x00000000aff00000)
 Metaspace       used 133595K, capacity 141111K, committed 141516K, reserved 1173504K
  class space    used 16238K, capacity 17649K, committed 17664K, reserved 1048576K
}
Event: 15680.651 GC heap before
{Heap before GC invocations=123 (full 5):
 PSYoungGen      total 310272K, used 226464K [0x00000000e0000000, 0x00000000fa500000, 0x0000000100000000)
  eden space 220160K, 100% used [0x00000000e0000000,0x00000000ed700000,0x00000000ed700000)
  from space 90112K, 6% used [0x00000000ed700000,0x00000000edd28020,0x00000000f2f00000)
  to   space 89088K, 0% used [0x00000000f4e00000,0x00000000f4e00000,0x00000000fa500000)
 ParOldGen       total 261120K, used 112634K [0x00000000a0000000, 0x00000000aff00000, 0x00000000e0000000)
  object space 261120K, 43% used [0x00000000a0000000,0x00000000a6dfe800,0x00000000aff00000)
 Metaspace       used 148956K, capacity 156671K, committed 157132K, reserved 1187840K
  class space    used 17977K, capacity 19443K, committed 19456K, reserved 1048576K
Event: 15680.690 GC heap after
Heap after GC invocations=123 (full 5):
 PSYoungGen      total 335872K, used 41176K [0x00000000e0000000, 0x00000000fa000000, 0x0000000100000000)
  eden space 251904K, 0% used [0x00000000e0000000,0x00000000e0000000,0x00000000ef600000)
  from space 83968K, 49% used [0x00000000f4e00000,0x00000000f7636188,0x00000000fa000000)
  to   space 87040K, 0% used [0x00000000ef600000,0x00000000ef600000,0x00000000f4b00000)
 ParOldGen       total 261120K, used 118444K [0x00000000a0000000, 0x00000000aff00000, 0x00000000e0000000)
  object space 261120K, 45% used [0x00000000a0000000,0x00000000a73ab250,0x00000000aff00000)
 Metaspace       used 148956K, capacity 156671K, committed 157132K, reserved 1187840K
  class space    used 17977K, capacity 19443K, committed 19456K, reserved 1048576K
}
Event: 15681.529 GC heap before
{Heap before GC invocations=124 (full 5):
 PSYoungGen      total 335872K, used 293080K [0x00000000e0000000, 0x00000000fa000000, 0x0000000100000000)
  eden space 251904K, 100% used [0x00000000e0000000,0x00000000ef600000,0x00000000ef600000)
  from space 83968K, 49% used [0x00000000f4e00000,0x00000000f7636188,0x00000000fa000000)
  to   space 87040K, 0% used [0x00000000ef600000,0x00000000ef600000,0x00000000f4b00000)
 ParOldGen       total 261120K, used 118444K [0x00000000a0000000, 0x00000000aff00000, 0x00000000e0000000)
  object space 261120K, 45% used [0x00000000a0000000,0x00000000a73ab250,0x00000000aff00000)
 Metaspace       used 148960K, capacity 156671K, committed 157132K, reserved 1187840K
  class space    used 17977K, capacity 19443K, committed 19456K, reserved 1048576K
Event: 15681.592 GC heap after
Heap after GC invocations=124 (full 5):
 PSYoungGen      total 338944K, used 56518K [0x00000000e0000000, 0x00000000fcf80000, 0x0000000100000000)
  eden space 251904K, 0% used [0x00000000e0000000,0x00000000e0000000,0x00000000ef600000)
  from space 87040K, 64% used [0x00000000ef600000,0x00000000f2d319b8,0x00000000f4b00000)
  to   space 90624K, 0% used [0x00000000f7700000,0x00000000f7700000,0x00000000fcf80000)
 ParOldGen       total 261120K, used 140767K [0x00000000a0000000, 0x00000000aff00000, 0x00000000e0000000)
  object space 261120K, 53% used [0x00000000a0000000,0x00000000a8977c88,0x00000000aff00000)
 Metaspace       used 148960K, capacity 156671K, committed 157132K, reserved 1187840K
  class space    used 17977K, capacity 19443K, committed 19456K, reserved 1048576K
}
Event: 15683.761 GC heap before
{Heap before GC invocations=125 (full 5):
 PSYoungGen      total 338944K, used 308422K [0x00000000e0000000, 0x00000000fcf80000, 0x0000000100000000)
  eden space 251904K, 100% used [0x00000000e0000000,0x00000000ef600000,0x00000000ef600000)
  from space 87040K, 64% used [0x00000000ef600000,0x00000000f2d319b8,0x00000000f4b00000)
  to   space 90624K, 0% used [0x00000000f7700000,0x00000000f7700000,0x00000000fcf80000)
 ParOldGen       total 261120K, used 140767K [0x00000000a0000000, 0x00000000aff00000, 0x00000000e0000000)
  object space 261120K, 53% used [0x00000000a0000000,0x00000000a8977c88,0x00000000aff00000)
 Metaspace       used 149431K, capacity 157119K, committed 157516K, reserved 1187840K
  class space    used 18045K, capacity 19507K, committed 19584K, reserved 1048576K
Event: 15683.807 GC heap after
Heap after GC invocations=125 (full 5):
 PSYoungGen      total 382976K, used 2472K [0x00000000e0000000, 0x00000000fcf00000, 0x0000000100000000)
  eden space 292864K, 0% used [0x00000000e0000000,0x00000000e0000000,0x00000000f1e00000)
  from space 90112K, 2% used [0x00000000f7700000,0x00000000f796a2b8,0x00000000fcf00000)
  to   space 90624K, 0% used [0x00000000f1e00000,0x00000000f1e00000,0x00000000f7680000)
 ParOldGen       total 261120K, used 176911K [0x00000000a0000000, 0x00000000aff00000, 0x00000000e0000000)
  object space 261120K, 67% used [0x00000000a0000000,0x00000000aacc3d70,0x00000000aff00000)
 Metaspace       used 149431K, capacity 157119K, committed 157516K, reserved 1187840K
  class space    used 18045K, capacity 19507K, committed 19584K, reserved 1048576K
}
Event: 15685.351 GC heap before
{Heap before GC invocations=126 (full 5):
 PSYoungGen      total 382976K, used 295336K [0x00000000e0000000, 0x00000000fcf00000, 0x0000000100000000)
  eden space 292864K, 100% used [0x00000000e0000000,0x00000000f1e00000,0x00000000f1e00000)
  from space 90112K, 2% used [0x00000000f7700000,0x00000000f796a2b8,0x00000000fcf00000)
  to   space 90624K, 0% used [0x00000000f1e00000,0x00000000f1e00000,0x00000000f7680000)
 ParOldGen       total 261120K, used 176911K [0x00000000a0000000, 0x00000000aff00000, 0x00000000e0000000)
  object space 261120K, 67% used [0x00000000a0000000,0x00000000aacc3d70,0x00000000aff00000)
 Metaspace       used 149715K, capacity 157407K, committed 157772K, reserved 1187840K
  class space    used 18078K, capacity 19539K, committed 19584K, reserved 1048576K
Event: 15685.388 GC heap after
Heap after GC invocations=126 (full 5):
 PSYoungGen      total 383488K, used 4763K [0x00000000e0000000, 0x00000000fcf00000, 0x0000000100000000)
  eden space 292864K, 0% used [0x00000000e0000000,0x00000000e0000000,0x00000000f1e00000)
  from space 90624K, 5% used [0x00000000f1e00000,0x00000000f22a6c88,0x00000000f7680000)
  to   space 90112K, 0% used [0x00000000f7700000,0x00000000f7700000,0x00000000fcf00000)
 ParOldGen       total 261120K, used 178985K [0x00000000a0000000, 0x00000000aff00000, 0x00000000e0000000)
  object space 261120K, 68% used [0x00000000a0000000,0x00000000aaeca420,0x00000000aff00000)
 Metaspace       used 149715K, capacity 157407K, committed 157772K, reserved 1187840K
  class space    used 18078K, capacity 19539K, committed 19584K, reserved 1048576K
}

